2023-05-15 13:10:53.491 [lettuce-nioEventLoop-5-1] INFO  o.d.g.f.IpRequestRateLimiterGatewayFilterFactory - 已限流: ld-lucky
2023-05-15 13:10:53.543 [lettuce-nioEventLoop-5-1] INFO  o.d.g.f.IpRequestRateLimiterGatewayFilterFactory - 已限流: ld-lucky
2023-05-15 13:10:53.543 [lettuce-nioEventLoop-5-1] INFO  o.d.g.f.IpRequestRateLimiterGatewayFilterFactory - 已限流: ld-lucky
2023-05-15 13:10:53.554 [lettuce-nioEventLoop-5-1] INFO  o.d.g.f.IpRequestRateLimiterGatewayFilterFactory - 已限流: ld-lucky
2023-05-15 13:10:53.555 [lettuce-nioEventLoop-5-1] INFO  o.d.g.f.IpRequestRateLimiterGatewayFilterFactory - 已限流: ld-lucky
2023-05-15 13:10:53.560 [lettuce-nioEventLoop-5-1] INFO  o.d.g.f.IpRequestRateLimiterGatewayFilterFactory - 已限流: ld-lucky
2023-05-15 13:10:53.706 [lettuce-nioEventLoop-5-1] INFO  o.d.g.f.IpRequestRateLimiterGatewayFilterFactory - 已限流: ld-lucky
2023-05-15 13:10:53.707 [lettuce-nioEventLoop-5-1] INFO  o.d.g.f.IpRequestRateLimiterGatewayFilterFactory - 已限流: ld-lucky
2023-05-15 13:10:53.709 [lettuce-nioEventLoop-5-1] INFO  o.d.g.f.IpRequestRateLimiterGatewayFilterFactory - 已限流: ld-lucky
2023-05-15 13:10:53.853 [lettuce-nioEventLoop-5-1] INFO  o.d.g.f.IpRequestRateLimiterGatewayFilterFactory - 已限流: ld-lucky
2023-05-15 13:10:53.853 [lettuce-nioEventLoop-5-1] INFO  o.d.g.f.IpRequestRateLimiterGatewayFilterFactory - 已限流: ld-lucky
2023-05-15 13:10:53.857 [lettuce-nioEventLoop-5-1] INFO  o.d.g.f.IpRequestRateLimiterGatewayFilterFactory - 已限流: ld-lucky
2023-05-15 13:10:53.923 [lettuce-nioEventLoop-5-1] INFO  o.d.g.f.IpRequestRateLimiterGatewayFilterFactory - 已限流: ld-lucky
2023-05-15 13:10:53.923 [lettuce-nioEventLoop-5-1] INFO  o.d.g.f.IpRequestRateLimiterGatewayFilterFactory - 已限流: ld-lucky
2023-05-15 13:10:53.924 [lettuce-nioEventLoop-5-1] INFO  o.d.g.f.IpRequestRateLimiterGatewayFilterFactory - 已限流: ld-lucky
2023-05-15 13:10:53.926 [lettuce-nioEventLoop-5-1] INFO  o.d.g.f.IpRequestRateLimiterGatewayFilterFactory - 已限流: ld-lucky
2023-05-15 13:10:53.927 [lettuce-nioEventLoop-5-1] INFO  o.d.g.f.IpRequestRateLimiterGatewayFilterFactory - 已限流: ld-lucky
2023-05-15 13:10:53.932 [lettuce-nioEventLoop-5-1] INFO  o.d.g.f.IpRequestRateLimiterGatewayFilterFactory - 已限流: ld-lucky
2023-05-15 13:10:53.933 [lettuce-nioEventLoop-5-1] INFO  o.d.g.f.IpRequestRateLimiterGatewayFilterFactory - 已限流: ld-lucky
2023-05-15 13:10:54.440 [lettuce-nioEventLoop-5-1] INFO  o.d.g.f.IpRequestRateLimiterGatewayFilterFactory - 已限流: ld-lucky
2023-05-15 13:10:54.440 [lettuce-nioEventLoop-5-1] INFO  o.d.g.f.IpRequestRateLimiterGatewayFilterFactory - 已限流: ld-lucky
2023-05-15 13:10:54.440 [lettuce-nioEventLoop-5-1] INFO  o.d.g.f.IpRequestRateLimiterGatewayFilterFactory - 已限流: ld-lucky
2023-05-15 13:10:54.441 [lettuce-nioEventLoop-5-1] INFO  o.d.g.f.IpRequestRateLimiterGatewayFilterFactory - 已限流: ld-lucky
2023-05-15 13:10:54.442 [lettuce-nioEventLoop-5-1] INFO  o.d.g.f.IpRequestRateLimiterGatewayFilterFactory - 已限流: ld-lucky
2023-05-15 13:10:54.442 [lettuce-nioEventLoop-5-1] INFO  o.d.g.f.IpRequestRateLimiterGatewayFilterFactory - 已限流: ld-lucky
2023-05-15 13:10:54.811 [lettuce-nioEventLoop-5-1] INFO  o.d.g.f.IpRequestRateLimiterGatewayFilterFactory - 已限流: ld-lucky
2023-05-15 13:10:54.813 [lettuce-nioEventLoop-5-1] INFO  o.d.g.f.IpRequestRateLimiterGatewayFilterFactory - 已限流: ld-lucky
2023-05-15 13:10:54.815 [lettuce-nioEventLoop-5-1] INFO  o.d.g.f.IpRequestRateLimiterGatewayFilterFactory - 已限流: ld-lucky
2023-05-15 13:10:54.816 [lettuce-nioEventLoop-5-1] INFO  o.d.g.f.IpRequestRateLimiterGatewayFilterFactory - 已限流: ld-lucky
2023-05-15 13:10:54.817 [lettuce-nioEventLoop-5-1] INFO  o.d.g.f.IpRequestRateLimiterGatewayFilterFactory - 已限流: ld-lucky
2023-05-15 13:10:54.818 [lettuce-nioEventLoop-5-1] INFO  o.d.g.f.IpRequestRateLimiterGatewayFilterFactory - 已限流: ld-lucky
2023-05-15 13:10:54.818 [lettuce-nioEventLoop-5-1] INFO  o.d.g.f.IpRequestRateLimiterGatewayFilterFactory - 已限流: ld-lucky
2023-05-15 13:10:55.525 [lettuce-nioEventLoop-5-1] INFO  o.d.g.f.IpRequestRateLimiterGatewayFilterFactory - 已限流: ld-lucky
2023-05-15 13:10:55.526 [lettuce-nioEventLoop-5-1] INFO  o.d.g.f.IpRequestRateLimiterGatewayFilterFactory - 已限流: ld-lucky
2023-05-15 13:10:55.528 [lettuce-nioEventLoop-5-1] INFO  o.d.g.f.IpRequestRateLimiterGatewayFilterFactory - 已限流: ld-lucky
2023-05-15 13:10:55.530 [lettuce-nioEventLoop-5-1] INFO  o.d.g.f.IpRequestRateLimiterGatewayFilterFactory - 已限流: ld-lucky
2023-05-15 13:10:55.978 [lettuce-nioEventLoop-5-1] INFO  o.d.g.f.IpRequestRateLimiterGatewayFilterFactory - 已限流: ld-lucky
2023-05-15 13:10:55.978 [lettuce-nioEventLoop-5-1] INFO  o.d.g.f.IpRequestRateLimiterGatewayFilterFactory - 已限流: ld-lucky
2023-05-15 13:10:55.979 [lettuce-nioEventLoop-5-1] INFO  o.d.g.f.IpRequestRateLimiterGatewayFilterFactory - 已限流: ld-lucky
2023-05-15 13:10:55.982 [lettuce-nioEventLoop-5-1] INFO  o.d.g.f.IpRequestRateLimiterGatewayFilterFactory - 已限流: ld-lucky
2023-05-15 13:10:55.982 [lettuce-nioEventLoop-5-1] INFO  o.d.g.f.IpRequestRateLimiterGatewayFilterFactory - 已限流: ld-lucky
2023-05-15 13:10:55.987 [lettuce-nioEventLoop-5-1] INFO  o.d.g.f.IpRequestRateLimiterGatewayFilterFactory - 已限流: ld-lucky
2023-05-15 13:10:55.997 [lettuce-nioEventLoop-5-1] INFO  o.d.g.f.IpRequestRateLimiterGatewayFilterFactory - 已限流: ld-lucky
2023-05-15 13:10:56.699 [lettuce-nioEventLoop-5-1] INFO  o.d.g.f.IpRequestRateLimiterGatewayFilterFactory - 已限流: ld-lucky
2023-05-15 13:10:56.701 [lettuce-nioEventLoop-5-1] INFO  o.d.g.f.IpRequestRateLimiterGatewayFilterFactory - 已限流: ld-lucky
2023-05-15 13:10:56.701 [lettuce-nioEventLoop-5-1] INFO  o.d.g.f.IpRequestRateLimiterGatewayFilterFactory - 已限流: ld-lucky
2023-05-15 13:10:56.707 [lettuce-nioEventLoop-5-1] INFO  o.d.g.f.IpRequestRateLimiterGatewayFilterFactory - 已限流: ld-lucky
2023-05-15 13:11:32.901 [lettuce-nioEventLoop-5-1] INFO  o.d.g.f.IpRequestRateLimiterGatewayFilterFactory - 已限流: ld-lucky
2023-05-15 13:11:32.903 [lettuce-nioEventLoop-5-1] INFO  o.d.g.f.IpRequestRateLimiterGatewayFilterFactory - 已限流: ld-lucky
2023-05-15 13:11:33.230 [lettuce-nioEventLoop-5-1] INFO  o.d.g.f.IpRequestRateLimiterGatewayFilterFactory - 已限流: ld-lucky
2023-05-15 13:11:33.230 [lettuce-nioEventLoop-5-1] INFO  o.d.g.f.IpRequestRateLimiterGatewayFilterFactory - 已限流: ld-lucky
2023-05-15 13:11:33.234 [lettuce-nioEventLoop-5-1] INFO  o.d.g.f.IpRequestRateLimiterGatewayFilterFactory - 已限流: ld-lucky
2023-05-15 13:11:33.388 [lettuce-nioEventLoop-5-1] INFO  o.d.g.f.IpRequestRateLimiterGatewayFilterFactory - 已限流: ld-lucky
2023-05-15 13:11:33.389 [lettuce-nioEventLoop-5-1] INFO  o.d.g.f.IpRequestRateLimiterGatewayFilterFactory - 已限流: ld-lucky
2023-05-15 13:11:33.394 [lettuce-nioEventLoop-5-1] INFO  o.d.g.f.IpRequestRateLimiterGatewayFilterFactory - 已限流: ld-lucky
2023-05-15 13:11:33.525 [lettuce-nioEventLoop-5-1] INFO  o.d.g.f.IpRequestRateLimiterGatewayFilterFactory - 已限流: ld-lucky
2023-05-15 13:11:33.531 [lettuce-nioEventLoop-5-1] INFO  o.d.g.f.IpRequestRateLimiterGatewayFilterFactory - 已限流: ld-lucky
2023-05-15 13:11:33.531 [lettuce-nioEventLoop-5-1] INFO  o.d.g.f.IpRequestRateLimiterGatewayFilterFactory - 已限流: ld-lucky
2023-05-15 13:11:33.535 [lettuce-nioEventLoop-5-1] INFO  o.d.g.f.IpRequestRateLimiterGatewayFilterFactory - 已限流: ld-lucky
2023-05-15 13:11:33.535 [lettuce-nioEventLoop-5-1] INFO  o.d.g.f.IpRequestRateLimiterGatewayFilterFactory - 已限流: ld-lucky
2023-05-15 13:11:33.536 [lettuce-nioEventLoop-5-1] INFO  o.d.g.f.IpRequestRateLimiterGatewayFilterFactory - 已限流: ld-lucky
2023-05-15 13:11:33.543 [lettuce-nioEventLoop-5-1] INFO  o.d.g.f.IpRequestRateLimiterGatewayFilterFactory - 已限流: ld-lucky
2023-05-15 13:11:33.547 [lettuce-nioEventLoop-5-1] INFO  o.d.g.f.IpRequestRateLimiterGatewayFilterFactory - 已限流: ld-lucky
2023-05-15 13:11:33.552 [lettuce-nioEventLoop-5-1] INFO  o.d.g.f.IpRequestRateLimiterGatewayFilterFactory - 已限流: ld-lucky
2023-05-15 13:11:33.554 [lettuce-nioEventLoop-5-1] INFO  o.d.g.f.IpRequestRateLimiterGatewayFilterFactory - 已限流: ld-lucky
2023-05-15 13:11:33.708 [lettuce-nioEventLoop-5-1] INFO  o.d.g.f.IpRequestRateLimiterGatewayFilterFactory - 已限流: ld-lucky
2023-05-15 13:11:33.712 [lettuce-nioEventLoop-5-1] INFO  o.d.g.f.IpRequestRateLimiterGatewayFilterFactory - 已限流: ld-lucky
2023-05-15 13:11:33.713 [lettuce-nioEventLoop-5-1] INFO  o.d.g.f.IpRequestRateLimiterGatewayFilterFactory - 已限流: ld-lucky
2023-05-15 13:11:33.861 [lettuce-nioEventLoop-5-1] INFO  o.d.g.f.IpRequestRateLimiterGatewayFilterFactory - 已限流: ld-lucky
2023-05-15 13:11:33.863 [lettuce-nioEventLoop-5-1] INFO  o.d.g.f.IpRequestRateLimiterGatewayFilterFactory - 已限流: ld-lucky
2023-05-15 13:11:33.863 [lettuce-nioEventLoop-5-1] INFO  o.d.g.f.IpRequestRateLimiterGatewayFilterFactory - 已限流: ld-lucky
2023-05-15 13:11:33.952 [lettuce-nioEventLoop-5-1] INFO  o.d.g.f.IpRequestRateLimiterGatewayFilterFactory - 已限流: ld-lucky
2023-05-15 13:11:33.953 [lettuce-nioEventLoop-5-1] INFO  o.d.g.f.IpRequestRateLimiterGatewayFilterFactory - 已限流: ld-lucky
2023-05-15 13:11:33.955 [lettuce-nioEventLoop-5-1] INFO  o.d.g.f.IpRequestRateLimiterGatewayFilterFactory - 已限流: ld-lucky
2023-05-15 13:11:33.959 [lettuce-nioEventLoop-5-1] INFO  o.d.g.f.IpRequestRateLimiterGatewayFilterFactory - 已限流: ld-lucky
2023-05-15 13:11:33.959 [lettuce-nioEventLoop-5-1] INFO  o.d.g.f.IpRequestRateLimiterGatewayFilterFactory - 已限流: ld-lucky
2023-05-15 13:11:33.961 [lettuce-nioEventLoop-5-1] INFO  o.d.g.f.IpRequestRateLimiterGatewayFilterFactory - 已限流: ld-lucky
2023-05-15 13:11:33.964 [lettuce-nioEventLoop-5-1] INFO  o.d.g.f.IpRequestRateLimiterGatewayFilterFactory - 已限流: ld-lucky
2023-05-15 13:11:34.616 [lettuce-nioEventLoop-5-1] INFO  o.d.g.f.IpRequestRateLimiterGatewayFilterFactory - 已限流: ld-lucky
2023-05-15 13:11:34.617 [lettuce-nioEventLoop-5-1] INFO  o.d.g.f.IpRequestRateLimiterGatewayFilterFactory - 已限流: ld-lucky
2023-05-15 13:11:34.617 [lettuce-nioEventLoop-5-1] INFO  o.d.g.f.IpRequestRateLimiterGatewayFilterFactory - 已限流: ld-lucky
2023-05-15 13:11:34.618 [lettuce-nioEventLoop-5-1] INFO  o.d.g.f.IpRequestRateLimiterGatewayFilterFactory - 已限流: ld-lucky
2023-05-15 13:11:34.974 [lettuce-nioEventLoop-5-1] INFO  o.d.g.f.IpRequestRateLimiterGatewayFilterFactory - 已限流: ld-lucky
2023-05-15 13:11:34.975 [lettuce-nioEventLoop-5-1] INFO  o.d.g.f.IpRequestRateLimiterGatewayFilterFactory - 已限流: ld-lucky
2023-05-15 13:11:34.977 [lettuce-nioEventLoop-5-1] INFO  o.d.g.f.IpRequestRateLimiterGatewayFilterFactory - 已限流: ld-lucky
2023-05-15 13:11:34.978 [lettuce-nioEventLoop-5-1] INFO  o.d.g.f.IpRequestRateLimiterGatewayFilterFactory - 已限流: ld-lucky
2023-05-15 13:11:34.978 [lettuce-nioEventLoop-5-1] INFO  o.d.g.f.IpRequestRateLimiterGatewayFilterFactory - 已限流: ld-lucky
2023-05-15 13:11:34.979 [lettuce-nioEventLoop-5-1] INFO  o.d.g.f.IpRequestRateLimiterGatewayFilterFactory - 已限流: ld-lucky
2023-05-15 13:11:34.982 [lettuce-nioEventLoop-5-1] INFO  o.d.g.f.IpRequestRateLimiterGatewayFilterFactory - 已限流: ld-lucky
2023-05-15 13:11:35.684 [lettuce-nioEventLoop-5-1] INFO  o.d.g.f.IpRequestRateLimiterGatewayFilterFactory - 已限流: ld-lucky
2023-05-15 13:11:35.685 [lettuce-nioEventLoop-5-1] INFO  o.d.g.f.IpRequestRateLimiterGatewayFilterFactory - 已限流: ld-lucky
2023-05-15 13:11:35.686 [lettuce-nioEventLoop-5-1] INFO  o.d.g.f.IpRequestRateLimiterGatewayFilterFactory - 已限流: ld-lucky
2023-05-15 13:11:35.689 [lettuce-nioEventLoop-5-1] INFO  o.d.g.f.IpRequestRateLimiterGatewayFilterFactory - 已限流: ld-lucky
2023-05-15 13:11:35.976 [lettuce-nioEventLoop-5-1] INFO  o.d.g.f.IpRequestRateLimiterGatewayFilterFactory - 已限流: ld-lucky
2023-05-15 13:11:35.979 [lettuce-nioEventLoop-5-1] INFO  o.d.g.f.IpRequestRateLimiterGatewayFilterFactory - 已限流: ld-lucky
2023-05-15 13:11:35.981 [lettuce-nioEventLoop-5-1] INFO  o.d.g.f.IpRequestRateLimiterGatewayFilterFactory - 已限流: ld-lucky
2023-05-15 13:11:35.982 [lettuce-nioEventLoop-5-1] INFO  o.d.g.f.IpRequestRateLimiterGatewayFilterFactory - 已限流: ld-lucky
2023-05-15 13:11:35.983 [lettuce-nioEventLoop-5-1] INFO  o.d.g.f.IpRequestRateLimiterGatewayFilterFactory - 已限流: ld-lucky
2023-05-15 13:11:35.984 [lettuce-nioEventLoop-5-1] INFO  o.d.g.f.IpRequestRateLimiterGatewayFilterFactory - 已限流: ld-lucky
2023-05-15 13:11:35.988 [lettuce-nioEventLoop-5-1] INFO  o.d.g.f.IpRequestRateLimiterGatewayFilterFactory - 已限流: ld-lucky
2023-05-15 21:45:38.432 [background-preinit] INFO  org.hibernate.validator.internal.util.Version - HV000001: Hibernate Validator 6.2.0.Final
2023-05-15 21:45:38.723 [main] INFO  c.u.j.c.EnableEncryptablePropertiesBeanFactoryPostProcessor - Post-processing PropertySource instances
2023-05-15 21:45:38.740 [main] INFO  c.u.j.EncryptablePropertySourceConverter - Converting PropertySource configurationProperties [org.springframework.boot.context.properties.source.ConfigurationPropertySourcesPropertySource] to AOP Proxy
2023-05-15 21:45:38.741 [main] INFO  c.u.j.EncryptablePropertySourceConverter - Converting PropertySource bootstrap [org.springframework.core.env.MapPropertySource] to EncryptableMapPropertySourceWrapper
2023-05-15 21:45:38.741 [main] INFO  c.u.j.EncryptablePropertySourceConverter - Converting PropertySource systemProperties [org.springframework.core.env.PropertiesPropertySource] to EncryptableMapPropertySourceWrapper
2023-05-15 21:45:38.741 [main] INFO  c.u.j.EncryptablePropertySourceConverter - Converting PropertySource systemEnvironment [org.springframework.boot.env.SystemEnvironmentPropertySourceEnvironmentPostProcessor$OriginAwareSystemEnvironmentPropertySource] to EncryptableSystemEnvironmentPropertySourceWrapper
2023-05-15 21:45:38.741 [main] INFO  c.u.j.EncryptablePropertySourceConverter - Converting PropertySource random [org.springframework.boot.env.RandomValuePropertySource] to EncryptablePropertySourceWrapper
2023-05-15 21:45:38.742 [main] INFO  c.u.j.EncryptablePropertySourceConverter - Converting PropertySource cachedrandom [org.springframework.cloud.util.random.CachedRandomPropertySource] to EncryptablePropertySourceWrapper
2023-05-15 21:45:38.742 [main] INFO  c.u.j.EncryptablePropertySourceConverter - Converting PropertySource springCloudClientHostInfo [org.springframework.core.env.MapPropertySource] to EncryptableMapPropertySourceWrapper
2023-05-15 21:45:38.742 [main] INFO  c.u.j.EncryptablePropertySourceConverter - Converting PropertySource Config resource 'class path resource [bootstrap.yml]' via location 'optional:classpath:/' [org.springframework.boot.env.OriginTrackedMapPropertySource] to EncryptableMapPropertySourceWrapper
2023-05-15 21:45:38.800 [main] INFO  c.u.j.filter.DefaultLazyPropertyFilter - Property Filter custom Bean not found with name 'encryptablePropertyFilter'. Initializing Default Property Filter
2023-05-15 21:45:38.844 [main] INFO  c.u.j.resolver.DefaultLazyPropertyResolver - Property Resolver custom Bean not found with name 'encryptablePropertyResolver'. Initializing Default Property Resolver
2023-05-15 21:45:38.846 [main] INFO  c.u.j.detector.DefaultLazyPropertyDetector - Property Detector custom Bean not found with name 'encryptablePropertyDetector'. Initializing Default Property Detector
2023-05-15 21:45:38.941 [main] INFO  org.dog.start.StartApplication - The following profiles are active: dev,nacos,redis,mybatisplus
2023-05-15 21:45:39.426 [main] INFO  o.s.d.r.config.RepositoryConfigurationDelegate - Multiple Spring Data modules found, entering strict repository configuration mode!
2023-05-15 21:45:39.427 [main] INFO  o.s.d.r.config.RepositoryConfigurationDelegate - Bootstrapping Spring Data Redis repositories in DEFAULT mode.
2023-05-15 21:45:39.443 [main] INFO  o.s.d.r.config.RepositoryConfigurationDelegate - Finished Spring Data repository scanning in 5 ms. Found 0 Redis repository interfaces.
2023-05-15 21:45:39.577 [main] INFO  o.springframework.cloud.context.scope.GenericScope - BeanFactory id=28bba62d-9c3c-33d6-8852-c8f77554e2bb
2023-05-15 21:45:39.594 [main] INFO  c.u.j.c.EnableEncryptablePropertiesBeanFactoryPostProcessor - Post-processing PropertySource instances
2023-05-15 21:45:39.594 [main] INFO  c.u.j.EncryptablePropertySourceConverter - Converting PropertySource configurationProperties [org.springframework.boot.context.properties.source.ConfigurationPropertySourcesPropertySource] to AOP Proxy
2023-05-15 21:45:39.594 [main] INFO  c.u.j.EncryptablePropertySourceConverter - Converting PropertySource servletConfigInitParams [org.springframework.core.env.PropertySource$StubPropertySource] to EncryptablePropertySourceWrapper
2023-05-15 21:45:39.594 [main] INFO  c.u.j.EncryptablePropertySourceConverter - Converting PropertySource servletContextInitParams [org.springframework.core.env.PropertySource$StubPropertySource] to EncryptablePropertySourceWrapper
2023-05-15 21:45:39.594 [main] INFO  c.u.j.EncryptablePropertySourceConverter - Converting PropertySource systemProperties [org.springframework.core.env.PropertiesPropertySource] to EncryptableMapPropertySourceWrapper
2023-05-15 21:45:39.594 [main] INFO  c.u.j.EncryptablePropertySourceConverter - Converting PropertySource systemEnvironment [org.springframework.boot.env.SystemEnvironmentPropertySourceEnvironmentPostProcessor$OriginAwareSystemEnvironmentPropertySource] to EncryptableSystemEnvironmentPropertySourceWrapper
2023-05-15 21:45:39.595 [main] INFO  c.u.j.EncryptablePropertySourceConverter - Converting PropertySource random [org.springframework.boot.env.RandomValuePropertySource] to EncryptablePropertySourceWrapper
2023-05-15 21:45:39.595 [main] INFO  c.u.j.EncryptablePropertySourceConverter - Converting PropertySource cachedrandom [org.springframework.cloud.util.random.CachedRandomPropertySource] to EncryptablePropertySourceWrapper
2023-05-15 21:45:39.595 [main] INFO  c.u.j.EncryptablePropertySourceConverter - Converting PropertySource springCloudClientHostInfo [org.springframework.core.env.MapPropertySource] to EncryptableMapPropertySourceWrapper
2023-05-15 21:45:39.595 [main] INFO  c.u.j.EncryptablePropertySourceConverter - Converting PropertySource Config resource 'class path resource [application-mybatisplus.yml]' via location 'optional:classpath:/' [org.springframework.boot.env.OriginTrackedMapPropertySource] to EncryptableMapPropertySourceWrapper
2023-05-15 21:45:39.595 [main] INFO  c.u.j.EncryptablePropertySourceConverter - Converting PropertySource Config resource 'class path resource [application-redis.yml]' via location 'optional:classpath:/' [org.springframework.boot.env.OriginTrackedMapPropertySource] to EncryptableMapPropertySourceWrapper
2023-05-15 21:45:39.595 [main] INFO  c.u.j.EncryptablePropertySourceConverter - Converting PropertySource Config resource 'class path resource [application-nacos.yml]' via location 'optional:classpath:/' [org.springframework.boot.env.OriginTrackedMapPropertySource] to EncryptableMapPropertySourceWrapper
2023-05-15 21:45:39.595 [main] INFO  c.u.j.EncryptablePropertySourceConverter - Converting PropertySource Config resource 'class path resource [application-dev.yml]' via location 'optional:classpath:/' [org.springframework.boot.env.OriginTrackedMapPropertySource] to EncryptableMapPropertySourceWrapper
2023-05-15 21:45:39.595 [main] INFO  c.u.j.EncryptablePropertySourceConverter - Converting PropertySource Config resource 'class path resource [application.yml]' via location 'optional:classpath:/' [org.springframework.boot.env.OriginTrackedMapPropertySource] to EncryptableMapPropertySourceWrapper
2023-05-15 21:45:39.595 [main] INFO  c.u.j.EncryptablePropertySourceConverter - Converting PropertySource springCloudDefaultProperties [org.springframework.core.env.MapPropertySource] to EncryptableMapPropertySourceWrapper
2023-05-15 21:45:39.603 [main] INFO  c.u.j.filter.DefaultLazyPropertyFilter - Property Filter custom Bean not found with name 'encryptablePropertyFilter'. Initializing Default Property Filter
2023-05-15 21:45:39.701 [main] INFO  o.s.c.s.PostProcessorRegistrationDelegate$BeanPostProcessorChecker - Bean 'redisConfig' of type [org.dog.common.config.RedisConfig$$EnhancerBySpringCGLIB$$cba2cb8] is not eligible for getting processed by all BeanPostProcessors (for example: not eligible for auto-proxying)
2023-05-15 21:45:40.303 [main] INFO  o.s.boot.web.embedded.tomcat.TomcatWebServer - Tomcat initialized with port(s): 7214 (http)
2023-05-15 21:45:40.310 [main] INFO  org.apache.coyote.http11.Http11NioProtocol - Initializing ProtocolHandler ["http-nio-7214"]
2023-05-15 21:45:40.311 [main] INFO  org.apache.catalina.core.StandardService - Starting service [Tomcat]
2023-05-15 21:45:40.311 [main] INFO  org.apache.catalina.core.StandardEngine - Starting Servlet engine: [Apache Tomcat/9.0.46]
2023-05-15 21:45:40.425 [main] INFO  o.a.c.core.ContainerBase.[Tomcat].[localhost].[/] - Initializing Spring embedded WebApplicationContext
2023-05-15 21:45:40.425 [main] INFO  o.s.b.w.s.c.ServletWebServerApplicationContext - Root WebApplicationContext: initialization completed in 1461 ms
2023-05-15 21:45:40.578 [main] INFO  c.u.j.resolver.DefaultLazyPropertyResolver - Property Resolver custom Bean not found with name 'encryptablePropertyResolver'. Initializing Default Property Resolver
2023-05-15 21:45:40.578 [main] INFO  c.u.j.detector.DefaultLazyPropertyDetector - Property Detector custom Bean not found with name 'encryptablePropertyDetector'. Initializing Default Property Detector
2023-05-15 21:45:43.564 [main] INFO  org.apache.coyote.http11.Http11NioProtocol - Starting ProtocolHandler ["http-nio-7214"]
2023-05-15 21:45:43.623 [main] INFO  o.s.boot.web.embedded.tomcat.TomcatWebServer - Tomcat started on port(s): 7214 (http) with context path ''
2023-05-15 21:45:43.638 [main] INFO  c.a.cloud.nacos.registry.NacosServiceRegistry - nacos registry, DEFAULT_GROUP ld-lucky 10.103.16.140:7214 register finished
2023-05-15 21:45:43.662 [main] INFO  org.dog.start.StartApplication - Started StartApplication in 5.801 seconds (JVM running for 6.601)
2023-05-15 21:45:43.663 [main] INFO  o.s.boot.availability.ApplicationAvailabilityBean - Application availability state LivenessState changed to CORRECT
2023-05-15 21:45:43.663 [main] INFO  o.s.boot.availability.ApplicationAvailabilityBean - Application availability state ReadinessState changed to ACCEPTING_TRAFFIC
2023-05-15 21:46:35.023 [http-nio-7214-exec-1] INFO  o.a.c.core.ContainerBase.[Tomcat].[localhost].[/] - Initializing Spring DispatcherServlet 'dispatcherServlet'
2023-05-15 21:46:35.024 [http-nio-7214-exec-1] INFO  org.springframework.web.servlet.DispatcherServlet - Initializing Servlet 'dispatcherServlet'
2023-05-15 21:46:35.030 [http-nio-7214-exec-1] INFO  org.springframework.web.servlet.DispatcherServlet - Completed initialization in 6 ms
2023-05-15 21:46:35.435 [http-nio-7214-exec-1] INFO  o.d.l.l.AwardInventoryToRedisApplicationListener - ActivityCreateEvent_ActivityId:11，awardId:35，存入库存：200 Redis成功...
2023-05-15 21:46:35.438 [http-nio-7214-exec-1] INFO  o.d.l.l.AwardInventoryToRedisApplicationListener - ActivityCreateEvent_ActivityId:11，awardId:200，存入库存：400 Redis成功...
